<?xml version="1.0" encoding="UTF-8"?>
<!-- Generated by org.testng.reporters.JUnitReportReporter -->
<testsuite skipped="0" hostname="RSI1569" name="br.com.rsinet.hub_tdd.teste.ConsultarProdutoCampoTeste" tests="2" failures="0" timestamp="2020-01-20T10:47:03 BRST" time="23.864" errors="0">
  <testcase name="pesquisaProdutoCampo" time="12.072" classname="br.com.rsinet.hub_tdd.teste.ConsultarProdutoCampoTeste"/>
  <system-out/>
  <testcase name="pesquisarProdutoInexistente" time="11.792" classname="br.com.rsinet.hub_tdd.teste.ConsultarProdutoCampoTeste"/>
  <system-out/>
</testsuite> <!-- br.com.rsinet.hub_tdd.teste.ConsultarProdutoCampoTeste -->
