<?xml version="1.0" encoding="UTF-8"?>
<!-- Generated by org.testng.reporters.JUnitReportReporter -->
<testsuite skipped="0" hostname="RSI1569" name="report.RelatorioDeValidacoes" tests="1" failures="0" timestamp="2020-01-14T11:53:00 BRST" time="0.330" errors="0">
  <testcase name="validacaoTeste" time="0.330" classname="report.RelatorioDeValidacoes"/>
  <system-out/>
</testsuite> <!-- report.RelatorioDeValidacoes -->
