<?xml version="1.0" encoding="UTF-8"?>
<!-- Generated by org.testng.reporters.JUnitReportReporter -->
<testsuite skipped="0" hostname="RSI1569" name="br.com.rsinet.hub_tdd.teste.CadastrarClienteTeste" tests="2" failures="0" timestamp="2020-01-22T11:27:32 BRST" time="32.929" errors="0">
  <testcase name="testeSucessoCadastrarCliente" time="18.742" classname="br.com.rsinet.hub_tdd.teste.CadastrarClienteTeste"/>
  <system-out/>
  <testcase name="validarBotaoRegistrarDesabilitadoSemDadosPreenchidos" time="14.187" classname="br.com.rsinet.hub_tdd.teste.CadastrarClienteTeste"/>
  <system-out/>
</testsuite> <!-- br.com.rsinet.hub_tdd.teste.CadastrarClienteTeste -->
