<?xml version="1.0" encoding="UTF-8"?>
<!-- Generated by org.testng.reporters.JUnitReportReporter -->
<testsuite skipped="0" hostname="RSI1569" name="br.com.rsinet.hub_tdd.teste.ConsultaProdutoTelaTeste" tests="2" failures="0" timestamp="2020-01-28T09:17:55 BRST" time="23.695" errors="0">
  <testcase name="pesquisaProdutoTela" time="12.523" classname="br.com.rsinet.hub_tdd.teste.ConsultaProdutoTelaTeste"/>
  <system-out/>
  <testcase name="validarAberturaProdutoErrado" time="11.172" classname="br.com.rsinet.hub_tdd.teste.ConsultaProdutoTelaTeste"/>
  <system-out/>
</testsuite> <!-- br.com.rsinet.hub_tdd.teste.ConsultaProdutoTelaTeste -->
