<?xml version="1.0" encoding="UTF-8"?>
<!-- Generated by org.testng.reporters.JUnitReportReporter -->
<testsuite skipped="0" hostname="RSI1569" name="br.com.rsinet.hub_tdd.suporte.RelatorioDeValidacoes" tests="1" failures="0" timestamp="2020-01-15T21:48:10 BRST" time="0.110" errors="0">
  <testcase name="validacaoTeste" time="0.110" classname="br.com.rsinet.hub_tdd.suporte.RelatorioDeValidacoes"/>
  <system-out/>
</testsuite> <!-- br.com.rsinet.hub_tdd.suporte.RelatorioDeValidacoes -->
