<?xml version="1.0" encoding="UTF-8"?>
<!-- Generated by org.testng.reporters.JUnitReportReporter -->
<testsuite name="report.DemonstracaoDeRelatorio" tests="1" time="0.335" ignored="0" failures="0" timestamp="13 Jan 2020 16:48:43 GMT" skipped="0" hostname="RSI1569" errors="0">
  <testcase name="cadastroTeste" time="0.335" classname="report.DemonstracaoDeRelatorio"/>
</testsuite> <!-- report.DemonstracaoDeRelatorio -->
