<?xml version="1.0" encoding="UTF-8"?>
<!-- Generated by org.testng.reporters.JUnitReportReporter -->
<testsuite skipped="0" hostname="RSI1569" name="br.com.rsinet.hub_tdd.teste.ConsultaProdutoTelaTeste" tests="1" failures="0" timestamp="2020-01-21T14:03:44 BRST" time="13.617" errors="0">
  <testcase name="pesquisaProdutoTela" time="13.617" classname="br.com.rsinet.hub_tdd.teste.ConsultaProdutoTelaTeste"/>
  <system-out/>
</testsuite> <!-- br.com.rsinet.hub_tdd.teste.ConsultaProdutoTelaTeste -->
