<?xml version="1.0" encoding="UTF-8"?>
<!-- Generated by org.testng.reporters.JUnitReportReporter -->
<testsuite skipped="0" hostname="RSI1569" name="br.com.rsinet.hub_tdd.teste.ConsultarProdutoCampoTeste" tests="1" failures="0" timestamp="2020-01-13T16:55:15 BRST" time="12.933" errors="0">
  <testcase name="pesquisaProdutoCampo" time="12.933" classname="br.com.rsinet.hub_tdd.teste.ConsultarProdutoCampoTeste"/>
  <system-out/>
</testsuite> <!-- br.com.rsinet.hub_tdd.teste.ConsultarProdutoCampoTeste -->
