<?xml version="1.0" encoding="UTF-8"?>
<!-- Generated by org.testng.reporters.JUnitReportReporter -->
<testsuite skipped="0" hostname="RSI1569" name="br.com.rsinet.hub_tdd.teste.CadastrarClienteTeste" tests="1" failures="0" timestamp="2020-01-21T10:58:21 BRST" time="32.953" errors="0">
  <testcase name="testeSucessoCadastrarCliente" time="32.953" classname="br.com.rsinet.hub_tdd.teste.CadastrarClienteTeste"/>
  <system-out/>
</testsuite> <!-- br.com.rsinet.hub_tdd.teste.CadastrarClienteTeste -->
