<?xml version="1.0" encoding="UTF-8"?>
<!-- Generated by org.testng.reporters.JUnitReportReporter -->
<testsuite skipped="0" hostname="RSI1569" name="br.com.rsinet.hub_tdd.teste.ConsultarProdutoCampoTeste" tests="1" failures="0" timestamp="2020-01-21T22:13:46 BRST" time="13.431" errors="0">
  <testcase name="pesquisarProdutoInexistente" time="13.431" classname="br.com.rsinet.hub_tdd.teste.ConsultarProdutoCampoTeste"/>
  <system-out/>
</testsuite> <!-- br.com.rsinet.hub_tdd.teste.ConsultarProdutoCampoTeste -->
