<?xml version="1.0" encoding="UTF-8"?>
<!-- Generated by org.testng.reporters.JUnitReportReporter -->
<testsuite skipped="0" hostname="RSI1569" name="br.com.rsinet.hub_tdd.teste.ConsultaProdutoTelaTeste" tests="2" failures="0" timestamp="2020-01-27T17:00:50 BRST" time="24.483" errors="0">
  <testcase name="pesquisaProdutoTela" time="12.529" classname="br.com.rsinet.hub_tdd.teste.ConsultaProdutoTelaTeste"/>
  <system-out/>
  <testcase name="validarAberturaProdutoErrado" time="11.954" classname="br.com.rsinet.hub_tdd.teste.ConsultaProdutoTelaTeste"/>
  <system-out/>
</testsuite> <!-- br.com.rsinet.hub_tdd.teste.ConsultaProdutoTelaTeste -->
