<?xml version="1.0" encoding="UTF-8"?>
<!-- Generated by org.testng.reporters.JUnitReportReporter -->
<testsuite skipped="0" hostname="RSI1569" name="br.com.rsinet.hub_tdd.teste.ConsultarProdutoLupaTeste" tests="2" failures="0" timestamp="2020-01-27T13:09:40 BRST" time="26.658" errors="0">
  <testcase name="pesquisarProdutoInexistente" time="13.818" classname="br.com.rsinet.hub_tdd.teste.ConsultarProdutoLupaTeste"/>
  <system-out/>
  <testcase name="pesquisaProdutoCampo" time="12.840" classname="br.com.rsinet.hub_tdd.teste.ConsultarProdutoLupaTeste"/>
  <system-out/>
</testsuite> <!-- br.com.rsinet.hub_tdd.teste.ConsultarProdutoLupaTeste -->
