<?xml version="1.0" encoding="UTF-8"?>
<!-- Generated by org.testng.reporters.JUnitReportReporter -->
<testsuite skipped="0" hostname="RSI1569" name="br.com.rsinet.hub_tdd.teste.ConsultarProdutoLupaTeste" tests="2" failures="0" timestamp="2020-01-26T22:28:27 BRST" time="31.525" errors="0">
  <testcase name="pesquisaProdutoCampo" time="14.927" classname="br.com.rsinet.hub_tdd.teste.ConsultarProdutoLupaTeste"/>
  <system-out/>
  <testcase name="pesquisarProdutoInexistente" time="16.598" classname="br.com.rsinet.hub_tdd.teste.ConsultarProdutoLupaTeste"/>
  <system-out/>
</testsuite> <!-- br.com.rsinet.hub_tdd.teste.ConsultarProdutoLupaTeste -->
