<?xml version="1.0" encoding="UTF-8"?>
<!-- Generated by org.testng.reporters.JUnitReportReporter -->
<testsuite skipped="0" hostname="RSI1569" name="br.com.rsinet.hub_tdd.teste.CadastrarClienteTeste" tests="2" failures="0" timestamp="2020-01-19T20:12:03 BRST" time="36.983" errors="0">
  <testcase name="testeSucessoCadastrarCliente" time="23.469" classname="br.com.rsinet.hub_tdd.teste.CadastrarClienteTeste"/>
  <system-out/>
  <testcase name="validarBotaoRegistrarDesabilitadoSemDadosPreenchidos" time="13.514" classname="br.com.rsinet.hub_tdd.teste.CadastrarClienteTeste"/>
  <system-out/>
</testsuite> <!-- br.com.rsinet.hub_tdd.teste.CadastrarClienteTeste -->
