<?xml version="1.0" encoding="UTF-8"?>
<!-- Generated by org.testng.reporters.JUnitReportReporter -->
<testsuite skipped="0" hostname="RSI1569" name="br.com.rsinet.hub_tdd.teste.CadastrarClienteTeste" tests="2" failures="0" timestamp="2020-01-28T22:02:55 BRST" time="31.592" errors="0">
  <testcase name="testeSucessoCadastrarCliente" time="17.759" classname="br.com.rsinet.hub_tdd.teste.CadastrarClienteTeste"/>
  <system-out/>
  <testcase name="validarBotaoRegistrarDesabilitadoSemDadosPreenchidos" time="13.833" classname="br.com.rsinet.hub_tdd.teste.CadastrarClienteTeste"/>
  <system-out/>
</testsuite> <!-- br.com.rsinet.hub_tdd.teste.CadastrarClienteTeste -->
