<?xml version="1.0" encoding="UTF-8"?>
<!-- Generated by org.testng.reporters.JUnitReportReporter -->
<testsuite skipped="0" hostname="RSI1569" name="br.com.rsinet.hub_tdd.teste.CadastrarClienteTeste" tests="1" failures="0" timestamp="2020-01-14T16:03:16 BRST" time="10.865" errors="0">
  <testcase name="cadastrarCliente" time="10.865" classname="br.com.rsinet.hub_tdd.teste.CadastrarClienteTeste"/>
  <system-out/>
</testsuite> <!-- br.com.rsinet.hub_tdd.teste.CadastrarClienteTeste -->
