<?xml version="1.0" encoding="UTF-8"?>
<!-- Generated by org.testng.reporters.JUnitReportReporter -->
<testsuite skipped="0" hostname="RSI1569" name="br.com.rsinet.hub_tdd.teste.CadastrarClienteTeste" tests="1" failures="0" timestamp="2020-01-13T15:31:12 BRST" time="11.115" errors="0">
  <testcase name="cadastrarCliente" time="11.115" classname="br.com.rsinet.hub_tdd.teste.CadastrarClienteTeste"/>
  <system-out/>
</testsuite> <!-- br.com.rsinet.hub_tdd.teste.CadastrarClienteTeste -->
