<?xml version="1.0" encoding="UTF-8"?>
<!-- Generated by org.testng.reporters.JUnitReportReporter -->
<testsuite skipped="0" hostname="RSI1569" name="br.com.rsinet.hub_tdd.teste.ConsultaProdutoTelaTeste" tests="2" failures="0" timestamp="2020-01-26T10:51:58 BRST" time="25.432" errors="0">
  <testcase name="pesquisaProdutoTela" time="13.692" classname="br.com.rsinet.hub_tdd.teste.ConsultaProdutoTelaTeste"/>
  <system-out/>
  <testcase name="validarAberturaProdutoErrado" time="11.740" classname="br.com.rsinet.hub_tdd.teste.ConsultaProdutoTelaTeste"/>
  <system-out/>
</testsuite> <!-- br.com.rsinet.hub_tdd.teste.ConsultaProdutoTelaTeste -->
