<?xml version="1.0" encoding="UTF-8"?>
<!-- Generated by org.testng.reporters.JUnitReportReporter -->
<testsuite skipped="0" hostname="RSI1569" name="br.com.rsinet.hub_tdd.teste.ConsultarProdutoLupaTeste" tests="1" failures="0" timestamp="2020-01-28T22:14:29 BRST" time="14.028" errors="0">
  <testcase name="pesquisarProdutoInexistente" time="14.028" classname="br.com.rsinet.hub_tdd.teste.ConsultarProdutoLupaTeste"/>
  <system-out/>
</testsuite> <!-- br.com.rsinet.hub_tdd.teste.ConsultarProdutoLupaTeste -->
